<?xml version="1.0" encoding="UTF-8"?>
<testsuite xmlns:xsi="http://www.w3.org/2001/XMLSchema-instance" xsi:noNamespaceSchemaLocation="https://maven.apache.org/surefire/maven-surefire-plugin/xsd/surefire-test-report-3.0.xsd" version="3.0" name="TestSuite" time="12.166" tests="5" errors="0" skipped="0" failures="0">
  <properties>
[...]
</properties>
  <testcase name="apiRestRateLimitValidation" classname="ApiExercise.gitRepositoriesSearch" time="3.17"/>
  <testcase name="defaultSearchResultsForTetrisSearch" classname="ApiExercise.gitRepositoriesSearch" time="1.725"/>
  <testcase name="paginationSearchResultsForTetrisWithA100Results" classname="ApiExercise.gitRepositoriesSearch" time="3.469"/>
  <testcase name="SearchResultsForASpecificUser" classname="ApiExercise.gitRepositoriesSearch" time="1.601"/>
  <testcase name="SearchResultsForASpecificUserWithASpecificLanguage" classname="ApiExercise.gitRepositoriesSearch" time="1.796"/>
</testsuite>